<?xml version="1.0" encoding="UTF-8"?>
<!-- Generated by org.testng.reporters.JUnitReportReporter -->
<testsuite skipped="0" hostname="LAPTOP-D2GVCL39" name="brockenlink.BrockenLinkClass" tests="1" failures="0" timestamp="2022-12-06T21:07:56 IST" time="1.355" errors="0">
  <testcase name="brockenLinkMethod" time="1.355" classname="brockenlink.BrockenLinkClass"/>
  <system-out/>
</testsuite> <!-- brockenlink.BrockenLinkClass -->
