<?xml version="1.0" encoding="UTF-8"?>
<!-- Generated by org.testng.reporters.JUnitReportReporter -->
<testsuite skipped="0" hostname="LAPTOP-D2GVCL39" name="dataprovider.DataProviderClasss2" tests="2" failures="0" timestamp="2022-12-06T21:07:57 IST" time="10.111" errors="0">
  <testcase name="verifyNewUserCanBeAddedInSystem" time="2.341" classname="dataprovider.DataProviderClasss2"/>
  <system-out/>
  <testcase name="verifyNewUserCanBeAddedInSystem" time="7.770" classname="dataprovider.DataProviderClasss2"/>
  <system-out/>
</testsuite> <!-- dataprovider.DataProviderClasss2 -->
