<?xml version="1.0" encoding="UTF-8"?>
<!-- Generated by org.testng.reporters.JUnitReportReporter -->
<testsuite skipped="0" hostname="LAPTOP-D2GVCL39" name="brockenlink.BrockenLinkClass4" tests="1" failures="0" timestamp="2022-12-06T21:07:57 IST" time="31.778" errors="0">
  <testcase name="brockenLinkMethod" time="31.778" classname="brockenlink.BrockenLinkClass4"/>
  <system-out/>
</testsuite> <!-- brockenlink.BrockenLinkClass4 -->
