<?xml version="1.0" encoding="UTF-8"?>
<!-- Generated by org.testng.reporters.JUnitReportReporter -->
<testsuite skipped="0" hostname="LAPTOP-D2GVCL39" name="dataprovider.DataProviderClasss2" tests="2" failures="0" timestamp="2022-12-05T20:47:06 IST" time="4.326" errors="0">
  <testcase name="verifyNewUserCanBeAddedInSystem" time="1.911" classname="dataprovider.DataProviderClasss2"/>
  <system-out/>
  <testcase name="verifyNewUserCanBeAddedInSystem" time="2.415" classname="dataprovider.DataProviderClasss2"/>
  <system-out/>
</testsuite> <!-- dataprovider.DataProviderClasss2 -->
