<?xml version="1.0" encoding="UTF-8"?>
<!-- Generated by org.testng.reporters.JUnitReportReporter -->
<testsuite skipped="1" hostname="LAPTOP-D2GVCL39" name="dataprovider.DataProviderClasss" tests="3" failures="0" timestamp="2022-12-06T21:07:57 IST" time="0.005" errors="0">
  <testcase name="verifyCredentialsOfUser" time="0.002" classname="dataprovider.DataProviderClasss"/>
  <system-out/>
  <testcase name="verifyCredentialsOfUser" time="0.003" classname="dataprovider.DataProviderClasss"/>
  <system-out/>
  <testcase name="verifyUserCanBeAdded" classname="dataprovider.DataProviderClasss">
    <skipped/>
  </testcase> <!-- verifyUserCanBeAdded -->
  <system-out/>
</testsuite> <!-- dataprovider.DataProviderClasss -->
