<?xml version="1.0" encoding="UTF-8"?>
<!-- Generated by org.testng.reporters.JUnitReportReporter -->
<testsuite skipped="0" hostname="LAPTOP-D2GVCL39" name="annotations.AnnotationClass3" tests="2" failures="0" timestamp="2022-12-06T21:07:57 IST" time="0.027" errors="0">
  <testcase name="verifyUserCountGetsReduced" time="0.007" classname="annotations.AnnotationClass3"/>
  <system-out/>
  <testcase name="verifyUserCanBeDeleted" time="0.020" classname="annotations.AnnotationClass3"/>
  <system-out/>
</testsuite> <!-- annotations.AnnotationClass3 -->
