<?xml version="1.0" encoding="UTF-8"?>
<!-- Generated by org.testng.reporters.JUnitReportReporter -->
<testsuite skipped="0" hostname="LAPTOP-D2GVCL39" name="annotations.AnnotationClass" tests="2" failures="0" timestamp="2022-12-04T19:42:53 IST" time="0.013" errors="0">
  <testcase name="toVerifyUserCanNotLoginWithInvalidCredentials" time="0.002" classname="annotations.AnnotationClass"/>
  <system-out/>
  <testcase name="toVerifyUserCanLoginWithValidUserNameAndPassword" time="0.011" classname="annotations.AnnotationClass"/>
  <system-out/>
</testsuite> <!-- annotations.AnnotationClass -->
