<?xml version="1.0" encoding="UTF-8"?>
<!-- Generated by org.testng.reporters.JUnitReportReporter -->
<testsuite skipped="0" hostname="LAPTOP-D2GVCL39" name="brockenlink.BrockenLinkClass3" tests="1" failures="0" timestamp="2022-12-06T21:07:57 IST" time="28.982" errors="0">
  <testcase name="brockenLinkMethod" time="28.982" classname="brockenlink.BrockenLinkClass3"/>
  <system-out/>
</testsuite> <!-- brockenlink.BrockenLinkClass3 -->
