<?xml version="1.0" encoding="UTF-8"?>
<!-- Generated by org.testng.reporters.JUnitReportReporter -->
<testsuite skipped="0" hostname="LAPTOP-D2GVCL39" name="annotations.AnnotationClass3" tests="2" failures="0" timestamp="2022-12-02T21:26:41 IST" time="0.022" errors="0">
  <testcase name="verifyUserCanBeDeleted" time="0.018" classname="annotations.AnnotationClass3"/>
  <system-out/>
  <testcase name="verifyUserCountGetsReduced" time="0.004" classname="annotations.AnnotationClass3"/>
  <system-out/>
</testsuite> <!-- annotations.AnnotationClass3 -->
