<?xml version="1.0" encoding="UTF-8"?>
<!-- Generated by org.testng.reporters.JUnitReportReporter -->
<testsuite skipped="0" hostname="LAPTOP-D2GVCL39" name="screencap.ScreenCaptureClass" tests="1" failures="0" timestamp="2022-12-05T21:14:02 IST" time="13.845" errors="0">
  <testcase name="verifyFileCanBeUploaded" time="13.845" classname="screencap.ScreenCaptureClass"/>
  <system-out/>
</testsuite> <!-- screencap.ScreenCaptureClass -->
