<?xml version="1.0" encoding="UTF-8"?>
<!-- Generated by org.testng.reporters.JUnitReportReporter -->
<testsuite skipped="0" hostname="LAPTOP-D2GVCL39" name="misleneouse.PriorityClass" tests="6" failures="0" timestamp="2022-12-06T21:07:57 IST" time="0.022" errors="0">
  <testcase name="d" time="0.003" classname="misleneouse.PriorityClass"/>
  <system-out/>
  <testcase name="cMethod" time="0.008" classname="misleneouse.PriorityClass"/>
  <system-out/>
  <testcase name="b" time="0.002" classname="misleneouse.PriorityClass"/>
  <system-out/>
  <testcase name="a" time="0.005" classname="misleneouse.PriorityClass"/>
  <system-out/>
  <testcase name="aMethod" time="0.002" classname="misleneouse.PriorityClass"/>
  <system-out/>
  <testcase name="bMethod" time="0.002" classname="misleneouse.PriorityClass"/>
  <system-out/>
</testsuite> <!-- misleneouse.PriorityClass -->
