<?xml version="1.0" encoding="UTF-8"?>
<!-- Generated by org.testng.reporters.JUnitReportReporter -->
<testsuite skipped="1" hostname="LAPTOP-D2GVCL39" name="misleneouse.EnableInTestNG" tests="2" failures="1" timestamp="2022-12-06T21:07:56 IST" time="0.021" errors="0">
  <testcase name="toVerifyUserCanNotLoginWithInvalidCredentials" time="0.021" classname="misleneouse.EnableInTestNG">
    <failure type="java.lang.AssertionError" message="Username is not matching expected [abcd] but found [ABCD]">
      <![CDATA[java.lang.AssertionError: Username is not matching expected [abcd] but found [ABCD]
at org.testng.Assert.fail(Assert.java:99)
at org.testng.Assert.failNotEquals(Assert.java:1037)
at org.testng.Assert.assertEqualsImpl(Assert.java:140)
at org.testng.Assert.assertEquals(Assert.java:122)
at org.testng.Assert.assertEquals(Assert.java:629)
at misleneouse.EnableInTestNG.toVerifyUserCanNotLoginWithInvalidCredentials(EnableInTestNG.java:21)
at sun.reflect.NativeMethodAccessorImpl.invoke0(Native Method)
at sun.reflect.NativeMethodAccessorImpl.invoke(Unknown Source)
at sun.reflect.DelegatingMethodAccessorImpl.invoke(Unknown Source)
at java.lang.reflect.Method.invoke(Unknown Source)
at org.testng.internal.MethodInvocationHelper.invokeMethod(MethodInvocationHelper.java:132)
at org.testng.internal.TestInvoker.invokeMethod(TestInvoker.java:599)
at org.testng.internal.TestInvoker.invokeTestMethod(TestInvoker.java:174)
at org.testng.internal.MethodRunner.runInSequence(MethodRunner.java:46)
at org.testng.internal.TestInvoker$MethodInvocationAgent.invoke(TestInvoker.java:822)
at org.testng.internal.TestInvoker.invokeTestMethods(TestInvoker.java:147)
at org.testng.internal.TestMethodWorker.invokeTestMethods(TestMethodWorker.java:146)
at org.testng.internal.TestMethodWorker.run(TestMethodWorker.java:128)
at java.util.concurrent.ThreadPoolExecutor.runWorker(Unknown Source)
at java.util.concurrent.ThreadPoolExecutor$Worker.run(Unknown Source)
at java.lang.Thread.run(Unknown Source)
]]>
    </failure>
  </testcase> <!-- toVerifyUserCanNotLoginWithInvalidCredentials -->
  <system-out/>
  <testcase name="toVerifyUserCanLoginWithValidUserNameAndPassword" classname="misleneouse.EnableInTestNG">
    <skipped/>
  </testcase> <!-- toVerifyUserCanLoginWithValidUserNameAndPassword -->
  <system-out/>
</testsuite> <!-- misleneouse.EnableInTestNG -->
