<?xml version="1.0" encoding="UTF-8"?>
<!-- Generated by org.testng.reporters.JUnitReportReporter -->
<testsuite skipped="0" hostname="LAPTOP-D2GVCL39" name="brockenlink.BrockenLinkClass5" tests="1" failures="0" timestamp="2022-12-06T21:07:57 IST" time="43.436" errors="0">
  <testcase name="brockenLinkMethod" time="43.436" classname="brockenlink.BrockenLinkClass5"/>
  <system-out/>
</testsuite> <!-- brockenlink.BrockenLinkClass5 -->
