<?xml version="1.0" encoding="UTF-8"?>
<!-- Generated by org.testng.reporters.JUnitReportReporter -->
<testsuite skipped="0" hostname="LAPTOP-D2GVCL39" name="annotations.AnnotationClass2" tests="2" failures="0" timestamp="2022-12-04T19:42:53 IST" time="0.012" errors="0">
  <testcase name="verifyUserCanBeEdited" time="0.007" classname="annotations.AnnotationClass2"/>
  <system-out/>
  <testcase name="verifyUserCanBeAdded" time="0.005" classname="annotations.AnnotationClass2"/>
  <system-out/>
</testsuite> <!-- annotations.AnnotationClass2 -->
