<?xml version="1.0" encoding="UTF-8"?>
<!-- Generated by org.testng.reporters.JUnitReportReporter -->
<testsuite skipped="1" hostname="LAPTOP-D2GVCL39" name="dataprovider.DataProviderClasss" tests="3" failures="0" timestamp="2022-12-05T20:31:01 IST" time="8.177" errors="0">
  <testcase name="verifyCredentialsOfUser" time="7.056" classname="dataprovider.DataProviderClasss"/>
  <system-out/>
  <testcase name="verifyCredentialsOfUser" time="1.121" classname="dataprovider.DataProviderClasss"/>
  <system-out/>
  <testcase name="verifyUserCanBeAdded" classname="dataprovider.DataProviderClasss">
    <skipped/>
  </testcase> <!-- verifyUserCanBeAdded -->
  <system-out/>
</testsuite> <!-- dataprovider.DataProviderClasss -->
