<?xml version="1.0" encoding="UTF-8"?>
<!-- Generated by org.testng.reporters.JUnitReportReporter -->
<testsuite skipped="0" hostname="LAPTOP-D2GVCL39" name="annotations.AnnotationClass" tests="2" failures="0" timestamp="2022-12-06T21:07:57 IST" time="0.050" errors="0">
  <testcase name="toVerifyUserCanLoginWithValidUserNameAndPassword" time="0.019" classname="annotations.AnnotationClass"/>
  <system-out/>
  <testcase name="toVerifyUserCanNotLoginWithInvalidCredentials" time="0.031" classname="annotations.AnnotationClass"/>
  <system-out/>
</testsuite> <!-- annotations.AnnotationClass -->
