<?xml version="1.0" encoding="UTF-8"?>
<!-- Generated by org.testng.reporters.JUnitReportReporter -->
<testsuite skipped="1" hostname="LAPTOP-D2GVCL39" name="misleneouse.PriorityClass" tests="6" failures="0" timestamp="2022-12-05T20:09:40 IST" time="0.030" errors="0">
  <testcase name="d" time="0.002" classname="misleneouse.PriorityClass"/>
  <system-out/>
  <testcase name="b" time="0.002" classname="misleneouse.PriorityClass"/>
  <system-out/>
  <testcase name="a" time="0.022" classname="misleneouse.PriorityClass"/>
  <system-out/>
  <testcase name="aMethod" time="0.002" classname="misleneouse.PriorityClass"/>
  <system-out/>
  <testcase name="bMethod" time="0.002" classname="misleneouse.PriorityClass"/>
  <system-out/>
  <testcase name="cMethod" classname="misleneouse.PriorityClass">
    <skipped/>
  </testcase> <!-- cMethod -->
  <system-out/>
</testsuite> <!-- misleneouse.PriorityClass -->
